0 info it worked if it ends with ok
1 verbose cli [ '/usr/bin/nodejs',
1 verbose cli   '/usr/bin/npm',
1 verbose cli   'install',
1 verbose cli   'karma_test_runner' ]
2 info using npm@1.3.10
3 info using node@v0.10.25
4 warn package.json smartbuyportal@0.0.0 No description
5 warn package.json smartbuyportal@0.0.0 No repository field.
6 warn package.json smartbuyportal@0.0.0 No README data
7 verbose readDependencies using package.json deps
8 verbose cache add [ 'karma_test_runner', null ]
9 verbose cache add name=undefined spec="karma_test_runner" args=["karma_test_runner",null]
10 verbose parsed url { protocol: null,
10 verbose parsed url   slashes: null,
10 verbose parsed url   auth: null,
10 verbose parsed url   host: null,
10 verbose parsed url   port: null,
10 verbose parsed url   hostname: null,
10 verbose parsed url   hash: null,
10 verbose parsed url   search: null,
10 verbose parsed url   query: null,
10 verbose parsed url   pathname: 'karma_test_runner',
10 verbose parsed url   path: 'karma_test_runner',
10 verbose parsed url   href: 'karma_test_runner' }
11 silly lockFile dfae0bac-karma-test-runner karma_test_runner
12 verbose lock karma_test_runner /home/wells/.npm/dfae0bac-karma-test-runner.lock
13 silly lockFile dfae0bac-karma-test-runner karma_test_runner
14 silly lockFile dfae0bac-karma-test-runner karma_test_runner
15 verbose addNamed [ 'karma_test_runner', '' ]
16 verbose addNamed [ null, '*' ]
17 silly lockFile 112eb46f-karma-test-runner karma_test_runner@
18 verbose lock karma_test_runner@ /home/wells/.npm/112eb46f-karma-test-runner.lock
19 silly addNameRange { name: 'karma_test_runner', range: '*', hasData: false }
20 verbose url raw karma_test_runner
21 verbose url resolving [ 'https://registry.npmjs.org/', './karma_test_runner' ]
22 verbose url resolved https://registry.npmjs.org/karma_test_runner
23 info trying registry request attempt 1 at 10:36:00
24 http GET https://registry.npmjs.org/karma_test_runner
25 http 404 https://registry.npmjs.org/karma_test_runner
26 silly registry.get cb [ 404,
26 silly registry.get   { date: 'Sat, 27 Dec 2014 15:35:59 GMT',
26 silly registry.get     server: 'CouchDB/1.5.0 (Erlang OTP/R16B03)',
26 silly registry.get     'content-type': 'application/json',
26 silly registry.get     'cache-control': 'max-age=0',
26 silly registry.get     'content-length': '52',
26 silly registry.get     'accept-ranges': 'bytes',
26 silly registry.get     via: '1.1 varnish',
26 silly registry.get     age: '0',
26 silly registry.get     'x-served-by': 'cache-dfw1834-DFW',
26 silly registry.get     'x-cache': 'MISS',
26 silly registry.get     'x-cache-hits': '0',
26 silly registry.get     'x-timer': 'S1419694558.774644,VS0,VE268',
26 silly registry.get     'keep-alive': 'timeout=10, max=50',
26 silly registry.get     connection: 'Keep-Alive' } ]
27 silly lockFile 112eb46f-karma-test-runner karma_test_runner@
28 silly lockFile 112eb46f-karma-test-runner karma_test_runner@
29 error 404 'karma_test_runner' is not in the npm registry.
29 error 404 You should bug the author to publish it
29 error 404
29 error 404 Note that you can also install from a
29 error 404 tarball, folder, or http url, or git url.
30 error System Linux 3.13.0-40-generic
31 error command "/usr/bin/nodejs" "/usr/bin/npm" "install" "karma_test_runner"
32 error cwd /home/wells/workspaces/SmartBuy/SmartBuyPortal/WebContent
33 error node -v v0.10.25
34 error npm -v 1.3.10
35 error code E404
36 verbose exit [ 1, true ]
